  libewf.c
  libewf_checksum.c
  libewf_chunk_data.c
  libewf_chunk_table.c
  libewf_compression.c
  libewf_date_time.c
  libewf_date_time_values.c
  libewf_debug.c
  libewf_deflate.c
  libewf_empty_block.c
  libewf_error.c
  libewf_filename.c
  libewf_file_entry.c
  libewf_handle.c
  libewf_hash_sections.c
  libewf_hash_values.c
  libewf_header_sections.c
  libewf_header_values.c
  libewf_io_handle.c
  libewf_legacy.c
  Generating Code...
  Compiling...
  libewf_media_values.c
  libewf_metadata.c
  libewf_notify.c
  libewf_read_io_handle.c
  libewf_section.c
  libewf_sector_range.c
  libewf_segment_file.c
  libewf_segment_file_handle.c
  libewf_segment_table.c
  libewf_single_files.c
  libewf_single_file_entry.c
  libewf_single_file_tree.c
  libewf_support.c
  libewf_write_io_handle.c
D:\code\3.sdks-and-libs\vound-github\libewf-stable\libewf\libewf_write_io_handle.c(1364,5): warning C4244: 'function': conversion from 'int' to 'int8_t', possible loss of data
  Generating Code...
     Creating library D:\code\3.sdks-and-libs\vound-github\libewf-stable\msvscpp\x64\Release\libewf-x64.lib and object D:\code\3.sdks-and-libs\vound-github\libewf-stable\msvscpp\x64\Release\libewf-x64.exp
  libewf.vcxproj -> D:\code\3.sdks-and-libs\vound-github\libewf-stable\msvscpp\x64\Release\libewf-x64.dll
