d:\code\3.sdks-and-libs\vound-github\libewf-stable\msvscpp\x64\release\libuna.pdb
d:\code\3.sdks-and-libs\vound-github\libewf-stable\msvscpp\libuna\x64\release\libuna_codepage_windows_1250.obj
d:\code\3.sdks-and-libs\vound-github\libewf-stable\msvscpp\libuna\x64\release\libuna_codepage_koi8_u.obj
d:\code\3.sdks-and-libs\vound-github\libewf-stable\msvscpp\libuna\x64\release\libuna_codepage_koi8_r.obj
d:\code\3.sdks-and-libs\vound-github\libewf-stable\msvscpp\libuna\x64\release\libuna_codepage_iso_8859_9.obj
d:\code\3.sdks-and-libs\vound-github\libewf-stable\msvscpp\libuna\x64\release\libuna_codepage_iso_8859_8.obj
d:\code\3.sdks-and-libs\vound-github\libewf-stable\msvscpp\libuna\x64\release\libuna_codepage_iso_8859_7.obj
d:\code\3.sdks-and-libs\vound-github\libewf-stable\msvscpp\libuna\x64\release\libuna_codepage_iso_8859_6.obj
d:\code\3.sdks-and-libs\vound-github\libewf-stable\msvscpp\libuna\x64\release\libuna_codepage_iso_8859_5.obj
d:\code\3.sdks-and-libs\vound-github\libewf-stable\msvscpp\libuna\x64\release\libuna_codepage_iso_8859_4.obj
d:\code\3.sdks-and-libs\vound-github\libewf-stable\msvscpp\libuna\x64\release\libuna_codepage_iso_8859_3.obj
d:\code\3.sdks-and-libs\vound-github\libewf-stable\msvscpp\libuna\x64\release\libuna_codepage_iso_8859_2.obj
d:\code\3.sdks-and-libs\vound-github\libewf-stable\msvscpp\libuna\x64\release\libuna_codepage_iso_8859_16.obj
d:\code\3.sdks-and-libs\vound-github\libewf-stable\msvscpp\libuna\x64\release\libuna_codepage_iso_8859_15.obj
d:\code\3.sdks-and-libs\vound-github\libewf-stable\msvscpp\libuna\x64\release\libuna_codepage_iso_8859_14.obj
d:\code\3.sdks-and-libs\vound-github\libewf-stable\msvscpp\libuna\x64\release\libuna_codepage_iso_8859_13.obj
d:\code\3.sdks-and-libs\vound-github\libewf-stable\msvscpp\libuna\x64\release\libuna_codepage_iso_8859_10.obj
d:\code\3.sdks-and-libs\vound-github\libewf-stable\msvscpp\libuna\x64\release\libuna_byte_stream.obj
d:\code\3.sdks-and-libs\vound-github\libewf-stable\msvscpp\libuna\x64\release\libuna_base64_stream.obj
d:\code\3.sdks-and-libs\vound-github\libewf-stable\msvscpp\libuna\x64\release\libuna_base32_stream.obj
d:\code\3.sdks-and-libs\vound-github\libewf-stable\msvscpp\libuna\x64\release\libuna_base16_stream.obj
d:\code\3.sdks-and-libs\vound-github\libewf-stable\msvscpp\libuna\x64\release\libuna_utf16_string.obj
d:\code\3.sdks-and-libs\vound-github\libewf-stable\msvscpp\libuna\x64\release\libuna_utf16_stream.obj
d:\code\3.sdks-and-libs\vound-github\libewf-stable\msvscpp\libuna\x64\release\libuna_url_stream.obj
d:\code\3.sdks-and-libs\vound-github\libewf-stable\msvscpp\libuna\x64\release\libuna_unicode_character.obj
d:\code\3.sdks-and-libs\vound-github\libewf-stable\msvscpp\libuna\x64\release\libuna_support.obj
d:\code\3.sdks-and-libs\vound-github\libewf-stable\msvscpp\libuna\x64\release\libuna_scsu.obj
d:\code\3.sdks-and-libs\vound-github\libewf-stable\msvscpp\libuna\x64\release\libuna_error.obj
d:\code\3.sdks-and-libs\vound-github\libewf-stable\msvscpp\libuna\x64\release\libuna_codepage_windows_950.obj
d:\code\3.sdks-and-libs\vound-github\libewf-stable\msvscpp\libuna\x64\release\libuna_codepage_windows_949.obj
d:\code\3.sdks-and-libs\vound-github\libewf-stable\msvscpp\libuna\x64\release\libuna_codepage_windows_936.obj
d:\code\3.sdks-and-libs\vound-github\libewf-stable\msvscpp\libuna\x64\release\libuna_codepage_windows_932.obj
d:\code\3.sdks-and-libs\vound-github\libewf-stable\msvscpp\libuna\x64\release\libuna_codepage_windows_874.obj
d:\code\3.sdks-and-libs\vound-github\libewf-stable\msvscpp\libuna\x64\release\libuna_codepage_windows_1258.obj
d:\code\3.sdks-and-libs\vound-github\libewf-stable\msvscpp\libuna\x64\release\libuna_codepage_windows_1257.obj
d:\code\3.sdks-and-libs\vound-github\libewf-stable\msvscpp\libuna\x64\release\libuna_codepage_windows_1256.obj
d:\code\3.sdks-and-libs\vound-github\libewf-stable\msvscpp\libuna\x64\release\libuna_codepage_windows_1255.obj
d:\code\3.sdks-and-libs\vound-github\libewf-stable\msvscpp\libuna\x64\release\libuna_codepage_windows_1254.obj
d:\code\3.sdks-and-libs\vound-github\libewf-stable\msvscpp\libuna\x64\release\libuna_codepage_windows_1253.obj
d:\code\3.sdks-and-libs\vound-github\libewf-stable\msvscpp\libuna\x64\release\libuna_codepage_windows_1252.obj
d:\code\3.sdks-and-libs\vound-github\libewf-stable\msvscpp\libuna\x64\release\libuna_codepage_windows_1251.obj
d:\code\3.sdks-and-libs\vound-github\libewf-stable\msvscpp\libuna\x64\release\libuna_utf8_string.obj
d:\code\3.sdks-and-libs\vound-github\libewf-stable\msvscpp\libuna\x64\release\libuna_utf8_stream.obj
d:\code\3.sdks-and-libs\vound-github\libewf-stable\msvscpp\libuna\x64\release\libuna_utf7_stream.obj
d:\code\3.sdks-and-libs\vound-github\libewf-stable\msvscpp\libuna\x64\release\libuna_utf32_string.obj
d:\code\3.sdks-and-libs\vound-github\libewf-stable\msvscpp\libuna\x64\release\libuna_utf32_stream.obj
d:\code\3.sdks-and-libs\vound-github\libewf-stable\msvscpp\x64\release\libuna.lib
d:\code\3.sdks-and-libs\vound-github\libewf-stable\msvscpp\libuna\x64\release\libuna.tlog\cl.command.1.tlog
d:\code\3.sdks-and-libs\vound-github\libewf-stable\msvscpp\libuna\x64\release\libuna.tlog\cl.read.1.tlog
d:\code\3.sdks-and-libs\vound-github\libewf-stable\msvscpp\libuna\x64\release\libuna.tlog\cl.write.1.tlog
d:\code\3.sdks-and-libs\vound-github\libewf-stable\msvscpp\libuna\x64\release\libuna.tlog\lib-link.read.1.tlog
d:\code\3.sdks-and-libs\vound-github\libewf-stable\msvscpp\libuna\x64\release\libuna.tlog\lib-link.write.1.tlog
d:\code\3.sdks-and-libs\vound-github\libewf-stable\msvscpp\libuna\x64\release\libuna.tlog\lib.command.1.tlog
