d:\code\3.sdks-and-libs\vound-github\libewf-stable\msvscpp\x64\release\libfvalue.pdb
d:\code\3.sdks-and-libs\vound-github\libewf-stable\msvscpp\libfvalue\x64\release\libfvalue_value_type.obj
d:\code\3.sdks-and-libs\vound-github\libewf-stable\msvscpp\libfvalue\x64\release\libfvalue_value_entry.obj
d:\code\3.sdks-and-libs\vound-github\libewf-stable\msvscpp\libfvalue\x64\release\libfvalue_value.obj
d:\code\3.sdks-and-libs\vound-github\libewf-stable\msvscpp\libfvalue\x64\release\libfvalue_utf8_string.obj
d:\code\3.sdks-and-libs\vound-github\libewf-stable\msvscpp\libfvalue\x64\release\libfvalue_utf16_string.obj
d:\code\3.sdks-and-libs\vound-github\libewf-stable\msvscpp\libfvalue\x64\release\libfvalue_table.obj
d:\code\3.sdks-and-libs\vound-github\libewf-stable\msvscpp\libfvalue\x64\release\libfvalue_support.obj
d:\code\3.sdks-and-libs\vound-github\libewf-stable\msvscpp\libfvalue\x64\release\libfvalue_string.obj
d:\code\3.sdks-and-libs\vound-github\libewf-stable\msvscpp\libfvalue\x64\release\libfvalue_split_utf8_string.obj
d:\code\3.sdks-and-libs\vound-github\libewf-stable\msvscpp\libfvalue\x64\release\libfvalue_split_utf16_string.obj
d:\code\3.sdks-and-libs\vound-github\libewf-stable\msvscpp\libfvalue\x64\release\libfvalue_integer.obj
d:\code\3.sdks-and-libs\vound-github\libewf-stable\msvscpp\libfvalue\x64\release\libfvalue_floating_point.obj
d:\code\3.sdks-and-libs\vound-github\libewf-stable\msvscpp\libfvalue\x64\release\libfvalue_filetime.obj
d:\code\3.sdks-and-libs\vound-github\libewf-stable\msvscpp\libfvalue\x64\release\libfvalue_error.obj
d:\code\3.sdks-and-libs\vound-github\libewf-stable\msvscpp\libfvalue\x64\release\libfvalue_data_handle.obj
d:\code\3.sdks-and-libs\vound-github\libewf-stable\msvscpp\libfvalue\x64\release\libfvalue_binary_data.obj
d:\code\3.sdks-and-libs\vound-github\libewf-stable\msvscpp\x64\release\libfvalue.lib
d:\code\3.sdks-and-libs\vound-github\libewf-stable\msvscpp\libfvalue\x64\release\libfvalue.tlog\cl.command.1.tlog
d:\code\3.sdks-and-libs\vound-github\libewf-stable\msvscpp\libfvalue\x64\release\libfvalue.tlog\cl.read.1.tlog
d:\code\3.sdks-and-libs\vound-github\libewf-stable\msvscpp\libfvalue\x64\release\libfvalue.tlog\cl.write.1.tlog
d:\code\3.sdks-and-libs\vound-github\libewf-stable\msvscpp\libfvalue\x64\release\libfvalue.tlog\lib-link.read.1.tlog
d:\code\3.sdks-and-libs\vound-github\libewf-stable\msvscpp\libfvalue\x64\release\libfvalue.tlog\lib-link.write.1.tlog
d:\code\3.sdks-and-libs\vound-github\libewf-stable\msvscpp\libfvalue\x64\release\libfvalue.tlog\lib.command.1.tlog
