d:\code\3.sdks-and-libs\vound-github\libewf-stable\msvscpp\x64\release\libbfio.pdb
d:\code\3.sdks-and-libs\vound-github\libewf-stable\msvscpp\libbfio\x64\release\libbfio_system_string.obj
d:\code\3.sdks-and-libs\vound-github\libewf-stable\msvscpp\libbfio\x64\release\libbfio_support.obj
d:\code\3.sdks-and-libs\vound-github\libewf-stable\msvscpp\libbfio\x64\release\libbfio_pool.obj
d:\code\3.sdks-and-libs\vound-github\libewf-stable\msvscpp\libbfio\x64\release\libbfio_memory_range_io_handle.obj
d:\code\3.sdks-and-libs\vound-github\libewf-stable\msvscpp\libbfio\x64\release\libbfio_memory_range.obj
d:\code\3.sdks-and-libs\vound-github\libewf-stable\msvscpp\libbfio\x64\release\libbfio_handle.obj
d:\code\3.sdks-and-libs\vound-github\libewf-stable\msvscpp\libbfio\x64\release\libbfio_file_range_io_handle.obj
d:\code\3.sdks-and-libs\vound-github\libewf-stable\msvscpp\libbfio\x64\release\libbfio_file_range.obj
d:\code\3.sdks-and-libs\vound-github\libewf-stable\msvscpp\libbfio\x64\release\libbfio_file_pool.obj
d:\code\3.sdks-and-libs\vound-github\libewf-stable\msvscpp\libbfio\x64\release\libbfio_file_io_handle.obj
d:\code\3.sdks-and-libs\vound-github\libewf-stable\msvscpp\libbfio\x64\release\libbfio_file.obj
d:\code\3.sdks-and-libs\vound-github\libewf-stable\msvscpp\libbfio\x64\release\libbfio_error.obj
d:\code\3.sdks-and-libs\vound-github\libewf-stable\msvscpp\x64\release\libbfio.lib
d:\code\3.sdks-and-libs\vound-github\libewf-stable\msvscpp\libbfio\x64\release\libbfio.tlog\cl.command.1.tlog
d:\code\3.sdks-and-libs\vound-github\libewf-stable\msvscpp\libbfio\x64\release\libbfio.tlog\cl.read.1.tlog
d:\code\3.sdks-and-libs\vound-github\libewf-stable\msvscpp\libbfio\x64\release\libbfio.tlog\cl.write.1.tlog
d:\code\3.sdks-and-libs\vound-github\libewf-stable\msvscpp\libbfio\x64\release\libbfio.tlog\lib-link.read.1.tlog
d:\code\3.sdks-and-libs\vound-github\libewf-stable\msvscpp\libbfio\x64\release\libbfio.tlog\lib-link.write.1.tlog
d:\code\3.sdks-and-libs\vound-github\libewf-stable\msvscpp\libbfio\x64\release\libbfio.tlog\lib.command.1.tlog
