d:\code\3.sdks-and-libs\vound-github\libewf-stable\msvscpp\x64\release\libfdata.pdb
d:\code\3.sdks-and-libs\vound-github\libewf-stable\msvscpp\libfdata\x64\release\libfdata_vector.obj
d:\code\3.sdks-and-libs\vound-github\libewf-stable\msvscpp\libfdata\x64\release\libfdata_tree_node.obj
d:\code\3.sdks-and-libs\vound-github\libewf-stable\msvscpp\libfdata\x64\release\libfdata_tree.obj
d:\code\3.sdks-and-libs\vound-github\libewf-stable\msvscpp\libfdata\x64\release\libfdata_support.obj
d:\code\3.sdks-and-libs\vound-github\libewf-stable\msvscpp\libfdata\x64\release\libfdata_stream.obj
d:\code\3.sdks-and-libs\vound-github\libewf-stable\msvscpp\libfdata\x64\release\libfdata_segments_array.obj
d:\code\3.sdks-and-libs\vound-github\libewf-stable\msvscpp\libfdata\x64\release\libfdata_range_list.obj
d:\code\3.sdks-and-libs\vound-github\libewf-stable\msvscpp\libfdata\x64\release\libfdata_range.obj
d:\code\3.sdks-and-libs\vound-github\libewf-stable\msvscpp\libfdata\x64\release\libfdata_notify.obj
d:\code\3.sdks-and-libs\vound-github\libewf-stable\msvscpp\libfdata\x64\release\libfdata_mapped_range.obj
d:\code\3.sdks-and-libs\vound-github\libewf-stable\msvscpp\libfdata\x64\release\libfdata_list_element.obj
d:\code\3.sdks-and-libs\vound-github\libewf-stable\msvscpp\libfdata\x64\release\libfdata_list.obj
d:\code\3.sdks-and-libs\vound-github\libewf-stable\msvscpp\libfdata\x64\release\libfdata_error.obj
d:\code\3.sdks-and-libs\vound-github\libewf-stable\msvscpp\libfdata\x64\release\libfdata_cache.obj
d:\code\3.sdks-and-libs\vound-github\libewf-stable\msvscpp\libfdata\x64\release\libfdata_area.obj
d:\code\3.sdks-and-libs\vound-github\libewf-stable\msvscpp\x64\release\libfdata.lib
d:\code\3.sdks-and-libs\vound-github\libewf-stable\msvscpp\libfdata\x64\release\libfdata.tlog\cl.command.1.tlog
d:\code\3.sdks-and-libs\vound-github\libewf-stable\msvscpp\libfdata\x64\release\libfdata.tlog\cl.read.1.tlog
d:\code\3.sdks-and-libs\vound-github\libewf-stable\msvscpp\libfdata\x64\release\libfdata.tlog\cl.write.1.tlog
d:\code\3.sdks-and-libs\vound-github\libewf-stable\msvscpp\libfdata\x64\release\libfdata.tlog\lib-link.read.1.tlog
d:\code\3.sdks-and-libs\vound-github\libewf-stable\msvscpp\libfdata\x64\release\libfdata.tlog\lib-link.write.1.tlog
d:\code\3.sdks-and-libs\vound-github\libewf-stable\msvscpp\libfdata\x64\release\libfdata.tlog\lib.command.1.tlog
