  adler32.c
D:\code\3.sdks-and-libs\vound-github\zlib\adler32.c(64,11): warning C4131: 'adler32_z': uses old-style declarator
D:\code\3.sdks-and-libs\vound-github\zlib\adler32.c(135,11): warning C4131: 'adler32': uses old-style declarator
D:\code\3.sdks-and-libs\vound-github\zlib\adler32.c(144,11): warning C4131: 'adler32_combine_': uses old-style declarator
D:\code\3.sdks-and-libs\vound-github\zlib\adler32.c(173,11): warning C4131: 'adler32_combine': uses old-style declarator
D:\code\3.sdks-and-libs\vound-github\zlib\adler32.c(181,11): warning C4131: 'adler32_combine64': uses old-style declarator
  compress.c
D:\code\3.sdks-and-libs\vound-github\zlib\compress.c(23,11): warning C4131: 'compress2': uses old-style declarator
D:\code\3.sdks-and-libs\vound-github\zlib\compress.c(69,11): warning C4131: 'compress': uses old-style declarator
D:\code\3.sdks-and-libs\vound-github\zlib\compress.c(82,11): warning C4131: 'compressBound': uses old-style declarator
  crc32.c
D:\code\3.sdks-and-libs\vound-github\zlib\crc32.c(118,14): warning C4131: 'byte_swap': uses old-style declarator
D:\code\3.sdks-and-libs\vound-github\zlib\crc32.c(543,13): warning C4131: 'multmodp': uses old-style declarator
D:\code\3.sdks-and-libs\vound-github\zlib\crc32.c(567,15): warning C4131: 'x2nmodp': uses old-style declarator
D:\code\3.sdks-and-libs\vound-github\zlib\crc32.c(718,14): warning C4131: 'crc_word': uses old-style declarator
D:\code\3.sdks-and-libs\vound-github\zlib\crc32.c(727,14): warning C4131: 'crc_word_big': uses old-style declarator
D:\code\3.sdks-and-libs\vound-github\zlib\crc32.c(740,19): warning C4131: 'crc32_z': uses old-style declarator
D:\code\3.sdks-and-libs\vound-github\zlib\crc32.c(1064,19): warning C4131: 'crc32': uses old-style declarator
D:\code\3.sdks-and-libs\vound-github\zlib\crc32.c(1073,11): warning C4131: 'crc32_combine64': uses old-style declarator
D:\code\3.sdks-and-libs\vound-github\zlib\crc32.c(1085,11): warning C4131: 'crc32_combine': uses old-style declarator
D:\code\3.sdks-and-libs\vound-github\zlib\crc32.c(1094,15): warning C4131: 'crc32_combine_gen64': uses old-style declarator
D:\code\3.sdks-and-libs\vound-github\zlib\crc32.c(1104,13): warning C4131: 'crc32_combine_gen': uses old-style declarator
D:\code\3.sdks-and-libs\vound-github\zlib\crc32.c(1111,11): warning C4131: 'crc32_combine_op': uses old-style declarator
  deflate.c
D:\code\3.sdks-and-libs\vound-github\zlib\deflate.c(205,19): warning C4131: 'slide_hash': uses old-style declarator
D:\code\3.sdks-and-libs\vound-github\zlib\deflate.c(232,15): warning C4131: 'deflateInit_': uses old-style declarator
D:\code\3.sdks-and-libs\vound-github\zlib\deflate.c(245,15): warning C4131: 'deflateInit2_': uses old-style declarator
D:\code\3.sdks-and-libs\vound-github\zlib\deflate.c(394,15): warning C4131: 'deflateStateCheck': uses old-style declarator
D:\code\3.sdks-and-libs\vound-github\zlib\deflate.c(417,15): warning C4131: 'deflateSetDictionary': uses old-style declarator
D:\code\3.sdks-and-libs\vound-github\zlib\deflate.c(486,15): warning C4131: 'deflateGetDictionary': uses old-style declarator
D:\code\3.sdks-and-libs\vound-github\zlib\deflate.c(508,15): warning C4131: 'deflateResetKeep': uses old-style declarator
D:\code\3.sdks-and-libs\vound-github\zlib\deflate.c(546,15): warning C4131: 'deflateReset': uses old-style declarator
D:\code\3.sdks-and-libs\vound-github\zlib\deflate.c(558,15): warning C4131: 'deflateSetHeader': uses old-style declarator
D:\code\3.sdks-and-libs\vound-github\zlib\deflate.c(569,14): warning C4131: 'deflatePending': uses old-style declarator
D:\code\3.sdks-and-libs\vound-github\zlib\deflate.c(583,15): warning C4131: 'deflatePrime': uses old-style declarator
D:\code\3.sdks-and-libs\vound-github\zlib\deflate.c(610,15): warning C4131: 'deflateParams': uses old-style declarator
D:\code\3.sdks-and-libs\vound-github\zlib\deflate.c(659,15): warning C4131: 'deflateTune': uses old-style declarator
D:\code\3.sdks-and-libs\vound-github\zlib\deflate.c(694,15): warning C4131: 'deflateBound': uses old-style declarator
D:\code\3.sdks-and-libs\vound-github\zlib\deflate.c(758,19): warning C4131: 'putShortMSB': uses old-style declarator
D:\code\3.sdks-and-libs\vound-github\zlib\deflate.c(772,15): warning C4131: 'flush_pending': uses old-style declarator
D:\code\3.sdks-and-libs\vound-github\zlib\deflate.c(805,15): warning C4131: 'deflate': uses old-style declarator
D:\code\3.sdks-and-libs\vound-github\zlib\deflate.c(1120,15): warning C4131: 'deflateEnd': uses old-style declarator
D:\code\3.sdks-and-libs\vound-github\zlib\deflate.c(1146,15): warning C4131: 'deflateCopy': uses old-style declarator
D:\code\3.sdks-and-libs\vound-github\zlib\deflate.c(1205,15): warning C4131: 'read_buf': uses old-style declarator
D:\code\3.sdks-and-libs\vound-github\zlib\deflate.c(1235,19): warning C4131: 'lm_init': uses old-style declarator
D:\code\3.sdks-and-libs\vound-github\zlib\deflate.c(1277,19): warning C4131: 'longest_match': uses old-style declarator
D:\code\3.sdks-and-libs\vound-github\zlib\deflate.c(1523,19): warning C4131: 'fill_window': uses old-style declarator
D:\code\3.sdks-and-libs\vound-github\zlib\deflate.c(1535,29): warning C4127: conditional expression is constant
D:\code\3.sdks-and-libs\vound-github\zlib\deflate.c(1686,19): warning C4131: 'deflate_stored': uses old-style declarator
D:\code\3.sdks-and-libs\vound-github\zlib\deflate.c(1735,42): warning C4244: '=': conversion from 'unsigned int' to 'Bytef', possible loss of data
D:\code\3.sdks-and-libs\vound-github\zlib\deflate.c(1736,46): warning C4244: '=': conversion from 'unsigned int' to 'Bytef', possible loss of data
D:\code\3.sdks-and-libs\vound-github\zlib\deflate.c(1737,42): warning C4244: '=': conversion from 'unsigned int' to 'Bytef', possible loss of data
D:\code\3.sdks-and-libs\vound-github\zlib\deflate.c(1738,47): warning C4244: '=': conversion from 'unsigned int' to 'Bytef', possible loss of data
D:\code\3.sdks-and-libs\vound-github\zlib\deflate.c(1873,19): warning C4131: 'deflate_fast': uses old-style declarator
D:\code\3.sdks-and-libs\vound-github\zlib\deflate.c(1915,1): warning C4244: '=': conversion from 'ush' to 'uchf', possible loss of data
D:\code\3.sdks-and-libs\vound-github\zlib\deflate.c(1975,19): warning C4131: 'deflate_slow': uses old-style declarator
D:\code\3.sdks-and-libs\vound-github\zlib\deflate.c(2040,1): warning C4244: '=': conversion from 'ush' to 'uchf', possible loss of data
D:\code\3.sdks-and-libs\vound-github\zlib\deflate.c(2106,19): warning C4131: 'deflate_rle': uses old-style declarator
D:\code\3.sdks-and-libs\vound-github\zlib\deflate.c(2150,13): warning C4244: '=': conversion from 'ush' to 'uchf', possible loss of data
D:\code\3.sdks-and-libs\vound-github\zlib\deflate.c(2179,19): warning C4131: 'deflate_huff': uses old-style declarator
  gzclose.c
D:\code\3.sdks-and-libs\vound-github\zlib\gzclose.c(12,12): warning C4131: 'gzclose': uses old-style declarator
  gzlib.c
D:\code\3.sdks-and-libs\vound-github\zlib\gzlib.c(76,15): warning C4131: 'gz_reset': uses old-style declarator
D:\code\3.sdks-and-libs\vound-github\zlib\gzlib.c(94,16): warning C4131: 'gz_open': uses old-style declarator
D:\code\3.sdks-and-libs\vound-github\zlib\gzlib.c(247,9): warning C4996: 'open': The POSIX name for this item is deprecated. Instead, use the ISO C and C++ conformant name: _open. See online help for details.
D:\code\3.sdks-and-libs\vound-github\zlib\gzlib.c(273,16): warning C4131: 'gzopen': uses old-style declarator
D:\code\3.sdks-and-libs\vound-github\zlib\gzlib.c(281,16): warning C4131: 'gzopen64': uses old-style declarator
D:\code\3.sdks-and-libs\vound-github\zlib\gzlib.c(289,9): warning C4131: 'gzdopen': uses old-style declarator
D:\code\3.sdks-and-libs\vound-github\zlib\gzlib.c(310,19): warning C4131: 'gzopen_w': uses old-style declarator
D:\code\3.sdks-and-libs\vound-github\zlib\gzlib.c(319,12): warning C4131: 'gzbuffer': uses old-style declarator
D:\code\3.sdks-and-libs\vound-github\zlib\gzlib.c(346,12): warning C4131: 'gzrewind': uses old-style declarator
D:\code\3.sdks-and-libs\vound-github\zlib\gzlib.c(369,12): warning C4131: 'gzseek64': uses old-style declarator
D:\code\3.sdks-and-libs\vound-github\zlib\gzlib.c(446,12): warning C4131: 'gzseek': uses old-style declarator
D:\code\3.sdks-and-libs\vound-github\zlib\gzlib.c(458,12): warning C4131: 'gztell64': uses old-style declarator
D:\code\3.sdks-and-libs\vound-github\zlib\gzlib.c(475,12): warning C4131: 'gztell': uses old-style declarator
D:\code\3.sdks-and-libs\vound-github\zlib\gzlib.c(485,12): warning C4131: 'gzoffset64': uses old-style declarator
D:\code\3.sdks-and-libs\vound-github\zlib\gzlib.c(508,12): warning C4131: 'gzoffset': uses old-style declarator
D:\code\3.sdks-and-libs\vound-github\zlib\gzlib.c(518,12): warning C4131: 'gzeof': uses old-style declarator
D:\code\3.sdks-and-libs\vound-github\zlib\gzlib.c(535,12): warning C4131: 'gzerror': uses old-style declarator
D:\code\3.sdks-and-libs\vound-github\zlib\gzlib.c(556,12): warning C4131: 'gzclearerr': uses old-style declarator
D:\code\3.sdks-and-libs\vound-github\zlib\gzlib.c(582,15): warning C4131: 'gz_error': uses old-style declarator
  gzread.c
D:\code\3.sdks-and-libs\vound-github\zlib\gzread.c(22,15): warning C4131: 'gz_load': uses old-style declarator
D:\code\3.sdks-and-libs\vound-github\zlib\gzread.c(35,15): warning C4996: 'read': The POSIX name for this item is deprecated. Instead, use the ISO C and C++ conformant name: _read. See online help for details.
D:\code\3.sdks-and-libs\vound-github\zlib\gzread.c(57,15): warning C4131: 'gz_avail': uses old-style declarator
D:\code\3.sdks-and-libs\vound-github\zlib\gzread.c(92,15): warning C4131: 'gz_look': uses old-style declarator
D:\code\3.sdks-and-libs\vound-github\zlib\gzread.c(176,15): warning C4131: 'gz_decomp': uses old-style declarator
D:\code\3.sdks-and-libs\vound-github\zlib\gzread.c(230,15): warning C4131: 'gz_fetch': uses old-style declarator
D:\code\3.sdks-and-libs\vound-github\zlib\gzread.c(260,15): warning C4131: 'gz_skip': uses old-style declarator
D:\code\3.sdks-and-libs\vound-github\zlib\gzread.c(295,15): warning C4131: 'gz_read': uses old-style declarator
D:\code\3.sdks-and-libs\vound-github\zlib\gzread.c(376,12): warning C4131: 'gzread': uses old-style declarator
D:\code\3.sdks-and-libs\vound-github\zlib\gzread.c(412,11): warning C4131: 'gzfread': uses old-style declarator
D:\code\3.sdks-and-libs\vound-github\zlib\gzread.c(448,12): warning C4131: 'gzgetc': uses old-style declarator
D:\code\3.sdks-and-libs\vound-github\zlib\gzread.c(475,8): warning C4131: 'gzgetc_': uses old-style declarator
D:\code\3.sdks-and-libs\vound-github\zlib\gzread.c(482,9): warning C4131: 'gzungetc': uses old-style declarator
D:\code\3.sdks-and-libs\vound-github\zlib\gzread.c(542,12): warning C4131: 'gzgets': uses old-style declarator
D:\code\3.sdks-and-libs\vound-github\zlib\gzread.c(606,12): warning C4131: 'gzdirect': uses old-style declarator
D:\code\3.sdks-and-libs\vound-github\zlib\gzread.c(626,12): warning C4131: 'gzclose_r': uses old-style declarator
D:\code\3.sdks-and-libs\vound-github\zlib\gzread.c(649,11): warning C4996: 'close': The POSIX name for this item is deprecated. Instead, use the ISO C and C++ conformant name: _close. See online help for details.
  gzwrite.c
D:\code\3.sdks-and-libs\vound-github\zlib\gzwrite.c(18,15): warning C4131: 'gz_init': uses old-style declarator
D:\code\3.sdks-and-libs\vound-github\zlib\gzwrite.c(74,15): warning C4131: 'gz_comp': uses old-style declarator
D:\code\3.sdks-and-libs\vound-github\zlib\gzwrite.c(89,20): warning C4996: 'write': The POSIX name for this item is deprecated. Instead, use the ISO C and C++ conformant name: _write. See online help for details.
D:\code\3.sdks-and-libs\vound-github\zlib\gzwrite.c(119,24): warning C4996: 'write': The POSIX name for this item is deprecated. Instead, use the ISO C and C++ conformant name: _write. See online help for details.
D:\code\3.sdks-and-libs\vound-github\zlib\gzwrite.c(155,15): warning C4131: 'gz_zero': uses old-style declarator
D:\code\3.sdks-and-libs\vound-github\zlib\gzwrite.c(188,15): warning C4131: 'gz_write': uses old-style declarator
D:\code\3.sdks-and-libs\vound-github\zlib\gzwrite.c(256,12): warning C4131: 'gzwrite': uses old-style declarator
D:\code\3.sdks-and-libs\vound-github\zlib\gzwrite.c(284,12): warning C4131: 'gzfwrite': uses old-style declarator
D:\code\3.sdks-and-libs\vound-github\zlib\gzwrite.c(314,12): warning C4131: 'gzputc': uses old-style declarator
D:\code\3.sdks-and-libs\vound-github\zlib\gzwrite.c(362,12): warning C4131: 'gzputs': uses old-style declarator
D:\code\3.sdks-and-libs\vound-github\zlib\gzwrite.c(566,12): warning C4131: 'gzflush': uses old-style declarator
D:\code\3.sdks-and-libs\vound-github\zlib\gzwrite.c(598,12): warning C4131: 'gzsetparams': uses old-style declarator
D:\code\3.sdks-and-libs\vound-github\zlib\gzwrite.c(640,12): warning C4131: 'gzclose_w': uses old-style declarator
D:\code\3.sdks-and-libs\vound-github\zlib\gzwrite.c(673,9): warning C4996: 'close': The POSIX name for this item is deprecated. Instead, use the ISO C and C++ conformant name: _close. See online help for details.
  infback.c
D:\code\3.sdks-and-libs\vound-github\zlib\infback.c(29,11): warning C4131: 'inflateBackInit_': uses old-style declarator
D:\code\3.sdks-and-libs\vound-github\zlib\infback.c(83,26): warning C4131: 'fixedtables': uses old-style declarator
D:\code\3.sdks-and-libs\vound-github\zlib\infback.c(251,11): warning C4131: 'inflateBack': uses old-style declarator
D:\code\3.sdks-and-libs\vound-github\zlib\infback.c(633,11): warning C4131: 'inflateBackEnd': uses old-style declarator
  inffast.c
D:\code\3.sdks-and-libs\vound-github\zlib\inffast.c(51,11): warning C4131: 'inflate_fast': uses old-style declarator
  inflate.c
D:\code\3.sdks-and-libs\vound-github\zlib\inflate.c(106,11): warning C4131: 'inflateStateCheck': uses old-style declarator
D:\code\3.sdks-and-libs\vound-github\zlib\inflate.c(120,11): warning C4131: 'inflateResetKeep': uses old-style declarator
D:\code\3.sdks-and-libs\vound-github\zlib\inflate.c(146,11): warning C4131: 'inflateReset': uses old-style declarator
D:\code\3.sdks-and-libs\vound-github\zlib\inflate.c(159,11): warning C4131: 'inflateReset2': uses old-style declarator
D:\code\3.sdks-and-libs\vound-github\zlib\inflate.c(197,11): warning C4131: 'inflateInit2_': uses old-style declarator
D:\code\3.sdks-and-libs\vound-github\zlib\inflate.c(241,11): warning C4131: 'inflateInit_': uses old-style declarator
D:\code\3.sdks-and-libs\vound-github\zlib\inflate.c(249,11): warning C4131: 'inflatePrime': uses old-style declarator
D:\code\3.sdks-and-libs\vound-github\zlib\inflate.c(280,26): warning C4131: 'fixedtables': uses old-style declarator
D:\code\3.sdks-and-libs\vound-github\zlib\inflate.c(398,11): warning C4131: 'updatewindow': uses old-style declarator
D:\code\3.sdks-and-libs\vound-github\zlib\inflate.c(624,11): warning C4131: 'inflate': uses old-style declarator
D:\code\3.sdks-and-libs\vound-github\zlib\inflate.c(1302,11): warning C4131: 'inflateEnd': uses old-style declarator
D:\code\3.sdks-and-libs\vound-github\zlib\inflate.c(1316,11): warning C4131: 'inflateGetDictionary': uses old-style declarator
D:\code\3.sdks-and-libs\vound-github\zlib\inflate.c(1339,11): warning C4131: 'inflateSetDictionary': uses old-style declarator
D:\code\3.sdks-and-libs\vound-github\zlib\inflate.c(1374,11): warning C4131: 'inflateGetHeader': uses old-style declarator
D:\code\3.sdks-and-libs\vound-github\zlib\inflate.c(1402,14): warning C4131: 'syncsearch': uses old-style declarator
D:\code\3.sdks-and-libs\vound-github\zlib\inflate.c(1425,11): warning C4131: 'inflateSync': uses old-style declarator
D:\code\3.sdks-and-libs\vound-github\zlib\inflate.c(1483,11): warning C4131: 'inflateSyncPoint': uses old-style declarator
D:\code\3.sdks-and-libs\vound-github\zlib\inflate.c(1493,11): warning C4131: 'inflateCopy': uses old-style declarator
D:\code\3.sdks-and-libs\vound-github\zlib\inflate.c(1540,11): warning C4131: 'inflateUndermine': uses old-style declarator
D:\code\3.sdks-and-libs\vound-github\zlib\inflate.c(1558,11): warning C4131: 'inflateValidate': uses old-style declarator
D:\code\3.sdks-and-libs\vound-github\zlib\inflate.c(1573,11): warning C4131: 'inflateMark': uses old-style declarator
D:\code\3.sdks-and-libs\vound-github\zlib\inflate.c(1586,11): warning C4131: 'inflateCodesUsed': uses old-style declarator
  inftrees.c
D:\code\3.sdks-and-libs\vound-github\zlib\inftrees.c(33,10): warning C4131: 'inflate_table': uses old-style declarator
  trees.c
D:\code\3.sdks-and-libs\vound-github\zlib\trees.c(380,19): warning C4131: '_tr_init': uses old-style declarator
D:\code\3.sdks-and-libs\vound-github\zlib\trees.c(408,19): warning C4131: 'init_block': uses old-style declarator
D:\code\3.sdks-and-libs\vound-github\zlib\trees.c(452,19): warning C4131: 'pqdownheap': uses old-style declarator
D:\code\3.sdks-and-libs\vound-github\zlib\trees.c(487,19): warning C4131: 'gen_bitlen': uses old-style declarator
D:\code\3.sdks-and-libs\vound-github\zlib\trees.c(573,13): warning C4131: 'gen_codes': uses old-style declarator
D:\code\3.sdks-and-libs\vound-github\zlib\trees.c(616,19): warning C4131: 'build_tree': uses old-style declarator
D:\code\3.sdks-and-libs\vound-github\zlib\trees.c(704,19): warning C4131: 'scan_tree': uses old-style declarator
D:\code\3.sdks-and-libs\vound-github\zlib\trees.c(724,40): warning C4244: '+=': conversion from 'int' to 'ush', possible loss of data
D:\code\3.sdks-and-libs\vound-github\zlib\trees.c(749,19): warning C4131: 'send_tree': uses old-style declarator
D:\code\3.sdks-and-libs\vound-github\zlib\trees.c(800,19): warning C4131: 'build_bl_tree': uses old-style declarator
D:\code\3.sdks-and-libs\vound-github\zlib\trees.c(835,19): warning C4131: 'send_all_trees': uses old-style declarator
D:\code\3.sdks-and-libs\vound-github\zlib\trees.c(864,19): warning C4131: '_tr_stored_block': uses old-style declarator
D:\code\3.sdks-and-libs\vound-github\zlib\trees.c(888,19): warning C4131: '_tr_flush_bits': uses old-style declarator
D:\code\3.sdks-and-libs\vound-github\zlib\trees.c(898,19): warning C4131: '_tr_align': uses old-style declarator
D:\code\3.sdks-and-libs\vound-github\zlib\trees.c(913,19): warning C4131: '_tr_flush_block': uses old-style declarator
D:\code\3.sdks-and-libs\vound-github\zlib\trees.c(1016,19): warning C4131: '_tr_tally': uses old-style declarator
D:\code\3.sdks-and-libs\vound-github\zlib\trees.c(1020,33): warning C4244: '=': conversion from 'unsigned int' to 'uchf', possible loss of data
D:\code\3.sdks-and-libs\vound-github\zlib\trees.c(1021,38): warning C4244: '=': conversion from 'unsigned int' to 'uchf', possible loss of data
D:\code\3.sdks-and-libs\vound-github\zlib\trees.c(1022,33): warning C4244: '=': conversion from 'unsigned int' to 'uchf', possible loss of data
D:\code\3.sdks-and-libs\vound-github\zlib\trees.c(1044,19): warning C4131: 'compress_block': uses old-style declarator
D:\code\3.sdks-and-libs\vound-github\zlib\trees.c(1104,19): warning C4131: 'detect_data_type': uses old-style declarator
D:\code\3.sdks-and-libs\vound-github\zlib\trees.c(1138,14): warning C4131: 'bi_reverse': uses old-style declarator
D:\code\3.sdks-and-libs\vound-github\zlib\trees.c(1153,19): warning C4131: 'bi_flush': uses old-style declarator
D:\code\3.sdks-and-libs\vound-github\zlib\trees.c(1170,19): warning C4131: 'bi_windup': uses old-style declarator
  uncompr.c
D:\code\3.sdks-and-libs\vound-github\zlib\uncompr.c(28,11): warning C4131: 'uncompress2': uses old-style declarator
D:\code\3.sdks-and-libs\vound-github\zlib\uncompr.c(87,11): warning C4131: 'uncompress': uses old-style declarator
  zutil.c
D:\code\3.sdks-and-libs\vound-github\zlib\zutil.c(134,9): warning C4131: 'zError': uses old-style declarator
D:\code\3.sdks-and-libs\vound-github\zlib\zutil.c(306,12): warning C4131: 'zcalloc': uses old-style declarator
D:\code\3.sdks-and-libs\vound-github\zlib\zutil.c(316,12): warning C4131: 'zcfree': uses old-style declarator
  Generating Code...
     Creating library D:\code\3.sdks-and-libs\vound-github\libewf-stable\msvscpp\x64\Release\zlib-x64.lib and object D:\code\3.sdks-and-libs\vound-github\libewf-stable\msvscpp\x64\Release\zlib-x64.exp
  zlib.vcxproj -> D:\code\3.sdks-and-libs\vound-github\libewf-stable\msvscpp\x64\Release\zlib-x64.dll
