d:\code\3.sdks-and-libs\vound-github\libewf-stable\msvscpp\zlib\x64\release\vc143.pdb
d:\code\3.sdks-and-libs\vound-github\libewf-stable\msvscpp\zlib\x64\release\zutil.obj
d:\code\3.sdks-and-libs\vound-github\libewf-stable\msvscpp\zlib\x64\release\uncompr.obj
d:\code\3.sdks-and-libs\vound-github\libewf-stable\msvscpp\zlib\x64\release\trees.obj
d:\code\3.sdks-and-libs\vound-github\libewf-stable\msvscpp\zlib\x64\release\inftrees.obj
d:\code\3.sdks-and-libs\vound-github\libewf-stable\msvscpp\zlib\x64\release\inflate.obj
d:\code\3.sdks-and-libs\vound-github\libewf-stable\msvscpp\zlib\x64\release\inffast.obj
d:\code\3.sdks-and-libs\vound-github\libewf-stable\msvscpp\zlib\x64\release\infback.obj
d:\code\3.sdks-and-libs\vound-github\libewf-stable\msvscpp\zlib\x64\release\gzwrite.obj
d:\code\3.sdks-and-libs\vound-github\libewf-stable\msvscpp\zlib\x64\release\gzread.obj
d:\code\3.sdks-and-libs\vound-github\libewf-stable\msvscpp\zlib\x64\release\gzlib.obj
d:\code\3.sdks-and-libs\vound-github\libewf-stable\msvscpp\zlib\x64\release\gzclose.obj
d:\code\3.sdks-and-libs\vound-github\libewf-stable\msvscpp\zlib\x64\release\deflate.obj
d:\code\3.sdks-and-libs\vound-github\libewf-stable\msvscpp\zlib\x64\release\crc32.obj
d:\code\3.sdks-and-libs\vound-github\libewf-stable\msvscpp\zlib\x64\release\compress.obj
d:\code\3.sdks-and-libs\vound-github\libewf-stable\msvscpp\zlib\x64\release\adler32.obj
d:\code\3.sdks-and-libs\vound-github\libewf-stable\msvscpp\x64\release\zlib-x64.ilk
d:\code\3.sdks-and-libs\vound-github\libewf-stable\msvscpp\x64\release\zlib-x64.dll
d:\code\3.sdks-and-libs\vound-github\libewf-stable\msvscpp\x64\release\zlib-x64.pdb
d:\code\3.sdks-and-libs\vound-github\libewf-stable\msvscpp\zlib\x64\release\zlib1.res
d:\code\3.sdks-and-libs\vound-github\libewf-stable\msvscpp\x64\release\zlib-x64.lib
d:\code\3.sdks-and-libs\vound-github\libewf-stable\msvscpp\x64\release\zlib-x64.exp
d:\code\3.sdks-and-libs\vound-github\libewf-stable\msvscpp\zlib\x64\release\zlib.tlog\cl.command.1.tlog
d:\code\3.sdks-and-libs\vound-github\libewf-stable\msvscpp\zlib\x64\release\zlib.tlog\cl.read.1.tlog
d:\code\3.sdks-and-libs\vound-github\libewf-stable\msvscpp\zlib\x64\release\zlib.tlog\cl.write.1.tlog
d:\code\3.sdks-and-libs\vound-github\libewf-stable\msvscpp\zlib\x64\release\zlib.tlog\link.command.1.tlog
d:\code\3.sdks-and-libs\vound-github\libewf-stable\msvscpp\zlib\x64\release\zlib.tlog\link.read.1.tlog
d:\code\3.sdks-and-libs\vound-github\libewf-stable\msvscpp\zlib\x64\release\zlib.tlog\link.write.1.tlog
d:\code\3.sdks-and-libs\vound-github\libewf-stable\msvscpp\zlib\x64\release\zlib.tlog\rc.command.1.tlog
d:\code\3.sdks-and-libs\vound-github\libewf-stable\msvscpp\zlib\x64\release\zlib.tlog\rc.read.1.tlog
d:\code\3.sdks-and-libs\vound-github\libewf-stable\msvscpp\zlib\x64\release\zlib.tlog\rc.write.1.tlog
d:\code\3.sdks-and-libs\vound-github\libewf-stable\msvscpp\zlib\x64\release\zlib.tlog\zlib.write.1u.tlog
